[06_cluster] 
============================================================
[06_cluster] Variant: morph
[06_cluster] ============================================================
[06_cluster]   Computing UMAP...
[06_cluster]   Silhouette (UMAP space):
[06_cluster]     platform (st_technology): 0.1953
[06_cluster]     cancer   (oncotree_code): -0.2791
[06_cluster]     → Platform dominates separation. Correction warranted.
[06_cluster]   Leiden sweep (resolutions=[0.1, 0.3, 0.5], seeds=5)...
[06_cluster]     r=0.1: 1 clusters, stability ARI=0.600±0.490
[06_cluster]     r=0.3: 5 clusters, stability ARI=0.676±0.121
[06_cluster]     r=0.5: 7 clusters, stability ARI=0.841±0.105
[06_cluster]   Best resolution: 0.5 (7 clusters, ARI=0.841)
[06_cluster]   IDC Visium scatter (r=0.5): {'n': np.int64(14), 'cluster_counts': {'0': 0, '1': 0, '2': 0, '3': 0, '4': 0, '5': 14, '6': 0}, 'entropy_bits': 0.0, 'norm_entropy': np.float64(0.0), 'top_cluster_frac': 1.0, 'interpretation': 'concentrated (poor calibration anchor)'}
[06_cluster]     Saved umap_morph.png
[06_cluster] 
Wrote cluster summary → /mnt/e/hest/outputs/stage2_clustering/cluster_summary.tsv
[06_cluster] 
======================================================================
[06_cluster] DECISION TABLE
[06_cluster] ======================================================================
[06_cluster]   morph         r=0.1  k=1  ARI=0.600  plat_sil=0.195  cancer_sil=-0.279  idc_vis_ent=0.00  
[06_cluster]   morph         r=0.3  k=5  ARI=0.676  plat_sil=0.195  cancer_sil=-0.279  idc_vis_ent=0.00  
[06_cluster]   morph         r=0.5  k=7  ARI=0.841  plat_sil=0.195  cancer_sil=-0.279  idc_vis_ent=0.00  
