--ids (113 samples) | types=patches | files=113 | dir=/mnt/e/hest/data
OK   patches/MEND140.h5
OK   patches/MEND142.h5
OK   patches/MEND149.h5
OK   patches/MEND151.h5
OK   patches/MEND154.h5
OK   patches/MEND156.h5
OK   patches/MEND157.h5
OK   patches/MEND158.h5
OK   patches/MEND159.h5
OK   patches/MEND160.h5
OK   patches/MEND161.h5
OK   patches/MEND37.h5
OK   patches/MEND39.h5
OK   patches/MEND61.h5
OK   patches/MEND63.h5
OK   patches/MISC19.h5
OK   patches/MISC26.h5
OK   patches/MISC29.h5
OK   patches/MISC32.h5
OK   patches/NCBI571.h5
OK   patches/NCBI572.h5
OK   patches/NCBI628.h5
OK   patches/NCBI629.h5
OK   patches/NCBI631.h5
OK   patches/NCBI633.h5
OK   patches/NCBI637.h5
OK   patches/NCBI638.h5
OK   patches/NCBI641.h5
OK   patches/NCBI855.h5
OK   patches/SPA0.h5
OK   patches/SPA1.h5
OK   patches/SPA100.h5
OK   patches/SPA101.h5
OK   patches/SPA102.h5
OK   patches/SPA103.h5
OK   patches/SPA104.h5
OK   patches/SPA108.h5
OK   patches/SPA109.h5
OK   patches/SPA110.h5
OK   patches/SPA111.h5
OK   patches/SPA112.h5
OK   patches/SPA113.h5
OK   patches/SPA114.h5
OK   patches/SPA115.h5
OK   patches/SPA116.h5
OK   patches/SPA117.h5
OK   patches/SPA118.h5
OK   patches/SPA119.h5
OK   patches/SPA120.h5
OK   patches/SPA121.h5
OK   patches/SPA122.h5
OK   patches/SPA123.h5
OK   patches/SPA124.h5
OK   patches/SPA125.h5
OK   patches/SPA131.h5
OK   patches/SPA132.h5
OK   patches/SPA133.h5
OK   patches/SPA134.h5
OK   patches/SPA135.h5
OK   patches/SPA136.h5
OK   patches/SPA137.h5
OK   patches/SPA138.h5
OK   patches/SPA139.h5
OK   patches/SPA140.h5
OK   patches/SPA141.h5
OK   patches/SPA142.h5
OK   patches/SPA143.h5
OK   patches/SPA144.h5
OK   patches/SPA145.h5
OK   patches/SPA146.h5
OK   patches/SPA147.h5
OK   patches/SPA148.h5
OK   patches/SPA3.h5
OK   patches/SPA57.h5
OK   patches/SPA58.h5
OK   patches/SPA59.h5
OK   patches/SPA60.h5
OK   patches/SPA61.h5
OK   patches/SPA62.h5
OK   patches/SPA63.h5
OK   patches/SPA64.h5
OK   patches/SPA65.h5
OK   patches/SPA66.h5
OK   patches/SPA68.h5
OK   patches/SPA69.h5
OK   patches/SPA70.h5
OK   patches/SPA71.h5
OK   patches/SPA72.h5
OK   patches/SPA73.h5
OK   patches/SPA74.h5
OK   patches/SPA78.h5
OK   patches/SPA79.h5
OK   patches/SPA80.h5
OK   patches/SPA81.h5
OK   patches/SPA82.h5
OK   patches/SPA83.h5
OK   patches/SPA84.h5
OK   patches/SPA85.h5
OK   patches/SPA86.h5
OK   patches/SPA87.h5
OK   patches/SPA88.h5
OK   patches/SPA89.h5
OK   patches/SPA90.h5
OK   patches/SPA92.h5
OK   patches/TENX13.h5
OK   patches/TENX14.h5
OK   patches/TENX28.h5
OK   patches/TENX49.h5
OK   patches/TENX50.h5
OK   patches/ZEN42.h5
OK   patches/ZEN46.h5
OK   patches/ZEN47.h5
OK   patches/ZEN49.h5
Download: 113 OK, 0 skipped, 0 errors
